<?xml version="1.0" encoding="UTF-8"?>
<!-- Generated by org.testng.reporters.JUnitReportReporter -->
<testsuite hostname="L244806" failures="0" tests="6" name="api.test.DataDrivenTests" time="5.048" errors="0" timestamp="2023-11-14T21:59:08 CET" skipped="0">
  <testcase classname="api.test.DataDrivenTests" name="testPostUser" time="0.585"/>
  <testcase classname="api.test.DataDrivenTests" name="testPostUser" time="2.117"/>
  <testcase classname="api.test.DataDrivenTests" name="testPostUser" time="0.590"/>
  <testcase classname="api.test.DataDrivenTests" name="testDeleteUserByName" time="0.576"/>
  <testcase classname="api.test.DataDrivenTests" name="testDeleteUserByName" time="0.580"/>
  <testcase classname="api.test.DataDrivenTests" name="testDeleteUserByName" time="0.600"/>
</testsuite> <!-- api.test.DataDrivenTests -->
