<?xml version="1.0" encoding="UTF-8"?>
<!-- Generated by org.testng.reporters.JUnitReportReporter -->
<testsuite hostname="L244806" failures="0" tests="4" name="api.test.UserTests" time="4.465" errors="0" timestamp="2023-11-15T09:07:18 CET" skipped="0">
  <testcase classname="api.test.UserTests" name="testPostUser" time="2.043"/>
  <testcase classname="api.test.UserTests" name="testGetUserByName" time="0.629"/>
  <testcase classname="api.test.UserTests" name="testUpdateUserByName" time="1.200"/>
  <testcase classname="api.test.UserTests" name="testDeleteUserByName" time="0.593"/>
</testsuite> <!-- api.test.UserTests -->
