<?xml version="1.0" encoding="UTF-8"?>
<!-- Generated by org.testng.reporters.JUnitReportReporter -->
<testsuite hostname="L244806" failures="0" tests="6" name="api.test.DataDrivenTests" time="4.994" errors="0" timestamp="2023-11-15T12:52:07 CET" skipped="0">
  <testcase classname="api.test.DataDrivenTests" name="testPostUser" time="2.011"/>
  <testcase classname="api.test.DataDrivenTests" name="testPostUser" time="0.602"/>
  <testcase classname="api.test.DataDrivenTests" name="testPostUser" time="0.586"/>
  <testcase classname="api.test.DataDrivenTests" name="testDeleteUserByName" time="0.604"/>
  <testcase classname="api.test.DataDrivenTests" name="testDeleteUserByName" time="0.597"/>
  <testcase classname="api.test.DataDrivenTests" name="testDeleteUserByName" time="0.594"/>
</testsuite> <!-- api.test.DataDrivenTests -->
