<?xml version="1.0" encoding="UTF-8"?>
<!-- Generated by org.testng.reporters.JUnitReportReporter -->
<testsuite hostname="L244806" failures="0" tests="4" name="api.test.UserTests2" time="4.852" errors="0" timestamp="2023-11-15T09:34:16 CET" skipped="0">
  <testcase classname="api.test.UserTests2" name="testPostUser" time="2.417"/>
  <testcase classname="api.test.UserTests2" name="testGetUserByName" time="0.618"/>
  <testcase classname="api.test.UserTests2" name="testUpdateUserByName" time="1.231"/>
  <testcase classname="api.test.UserTests2" name="testDeleteUserByName" time="0.586"/>
</testsuite> <!-- api.test.UserTests2 -->
