<?xml version="1.0" encoding="UTF-8"?>
<!-- Generated by org.testng.reporters.JUnitReportReporter -->
<testsuite hostname="L244806" failures="0" tests="4" name="api.test.UserTests2" time="4.542" errors="0" timestamp="2023-11-15T10:43:00 CET" skipped="0">
  <testcase classname="api.test.UserTests2" name="testPostUser" time="2.145"/>
  <testcase classname="api.test.UserTests2" name="testGetUserByName" time="0.625"/>
  <testcase classname="api.test.UserTests2" name="testUpdateUserByName" time="1.179"/>
  <testcase classname="api.test.UserTests2" name="testDeleteUserByName" time="0.593"/>
</testsuite> <!-- api.test.UserTests2 -->
